мар. 07, 2023 8:38:44 PM HW_1 main
INFO: [1, 3, 5, 4, 7, 8, 9, 6, 2]
мар. 07, 2023 8:38:44 PM HW_1 main
INFO: [1, 3, 5, 4, 7, 8, 6, 9, 2]
мар. 07, 2023 8:38:44 PM HW_1 main
INFO: [1, 3, 5, 4, 7, 8, 6, 2, 9]
мар. 07, 2023 8:38:44 PM HW_1 main
INFO: [1, 3, 4, 5, 7, 8, 6, 2, 9]
мар. 07, 2023 8:38:44 PM HW_1 main
INFO: [1, 3, 4, 5, 7, 6, 8, 2, 9]
мар. 07, 2023 8:38:44 PM HW_1 main
INFO: [1, 3, 4, 5, 7, 6, 2, 8, 9]
мар. 07, 2023 8:38:44 PM HW_1 main
INFO: [1, 3, 4, 5, 6, 7, 2, 8, 9]
мар. 07, 2023 8:38:44 PM HW_1 main
INFO: [1, 3, 4, 5, 6, 2, 7, 8, 9]
мар. 07, 2023 8:38:44 PM HW_1 main
INFO: [1, 3, 4, 5, 2, 6, 7, 8, 9]
мар. 07, 2023 8:38:44 PM HW_1 main
INFO: [1, 3, 4, 2, 5, 6, 7, 8, 9]
мар. 07, 2023 8:38:44 PM HW_1 main
INFO: [1, 3, 2, 4, 5, 6, 7, 8, 9]
мар. 07, 2023 8:38:44 PM HW_1 main
INFO: [1, 2, 3, 4, 5, 6, 7, 8, 9]
